========================================================================================================================
🔄 DİNAMİK YER DEĞİŞTİRME MOTORU - HAREKETnLER LOG
========================================================================================================================
Başlangıç: 2025-12-07 00:38:27
========================================================================================================================

AMAÇ: LoRA'ları performansa göre en uygun klasörlere yerleştir!

HAREKET TİPLERİ:
  ⬆️ TERFİ (Promotion): Daha prestijli klasöre taşınma
  ⬇️ DÜŞME (Demotion): Daha düşük klasöre taşınma
  🆕 YENİ (New): İlk yerleşme
  ➡️ TRANSFER (Transfer): Farklı kategoriye geçiş
  ❌ ÇIKARMA (Removal): Klasörden çıkarılma
========================================================================================================================


━━━━━━━━━━━━━━━━━━━━━━━━━━━━━━━━━━━━━━━━━━━━━━━━━━━━━━━━━━━━━━━━━━━━━━━━━━━━━━━━━━━━━━━━━━━━━━━━━━━━━━━━━━━━━━━━━━━━━━━━
🔄 MAÇ #10 - YER DEĞİŞTİRMELER
━━━━━━━━━━━━━━━━━━━━━━━━━━━━━━━━━━━━━━━━━━━━━━━━━━━━━━━━━━━━━━━━━━━━━━━━━━━━━━━━━━━━━━━━━━━━━━━━━━━━━━━━━━━━━━━━━━━━━━━━
⏰ 2025-12-07 00:38:47
📊 Toplam Hareket: 17

#1. LoRA_Gen26_4e4d7379 (ID: 4e4d7379...)
   ➕ EKLENDİ:
      → 🏛️_NEWTON_HALL
      → ⭐_AKTIF_EN_IYILER
   📍 ŞU AN: 🏛️_NEWTON_HALL, ⭐_AKTIF_EN_IYILER
   ────────────────────────────────────────────────────────────────────────────────
#2. LoRA_Gen36_0734ed38 (ID: 0734ed38...)
   ➕ EKLENDİ:
      → 🏛️_NEWTON_HALL
      → ⭐_AKTIF_EN_IYILER
   📍 ŞU AN: 🏛️_NEWTON_HALL, ⭐_AKTIF_EN_IYILER
   ────────────────────────────────────────────────────────────────────────────────
#3. LoRA_Gen40_5535e864 (ID: 5535e864...)
   ➕ EKLENDİ:
      → 🏛️_NEWTON_HALL
      → ⭐_AKTIF_EN_IYILER
   📍 ŞU AN: 🏛️_NEWTON_HALL, ⭐_AKTIF_EN_IYILER
   ────────────────────────────────────────────────────────────────────────────────
#4. LoRA_Gen40_14439846 (ID: 14439846...)
   ➕ EKLENDİ:
      → 🏛️_NEWTON_HALL
      → ⭐_AKTIF_EN_IYILER
   📍 ŞU AN: 🏛️_NEWTON_HALL, ⭐_AKTIF_EN_IYILER
   ────────────────────────────────────────────────────────────────────────────────
#5. LoRA_Gen42_c291f467 (ID: c291f467...)
   ➕ EKLENDİ:
      → 🏛️_NEWTON_HALL
      → ⭐_AKTIF_EN_IYILER
   📍 ŞU AN: 🏛️_NEWTON_HALL, ⭐_AKTIF_EN_IYILER
   ────────────────────────────────────────────────────────────────────────────────
#6. LoRA_4c0a2338 (ID: 4c0a2338...)
   ➕ EKLENDİ:
      → 🏛️_NEWTON_HALL
      → ⭐_AKTIF_EN_IYILER
   📍 ŞU AN: 🏛️_NEWTON_HALL, ⭐_AKTIF_EN_IYILER
   ────────────────────────────────────────────────────────────────────────────────
#7. LoRA_a3c7eb24 (ID: a3c7eb24...)
   ➕ EKLENDİ:
      → 🏛️_NEWTON_HALL
      → ⭐_AKTIF_EN_IYILER
   📍 ŞU AN: 🏛️_NEWTON_HALL, ⭐_AKTIF_EN_IYILER
   ────────────────────────────────────────────────────────────────────────────────
#8. LoRA_ca6d1693 (ID: ca6d1693...)
   ➕ EKLENDİ:
      → 🏛️_NEWTON_HALL
      → ⭐_AKTIF_EN_IYILER
   📍 ŞU AN: 🏛️_NEWTON_HALL, ⭐_AKTIF_EN_IYILER
   ────────────────────────────────────────────────────────────────────────────────
#9. LoRA_dbec816f (ID: dbec816f...)
   ➕ EKLENDİ:
      → 🏛️_NEWTON_HALL
      → ⭐_AKTIF_EN_IYILER
   📍 ŞU AN: 🏛️_NEWTON_HALL, ⭐_AKTIF_EN_IYILER
   ────────────────────────────────────────────────────────────────────────────────
#10. LoRA_e10573b7 (ID: e10573b7...)
   ➕ EKLENDİ:
      → 🏛️_NEWTON_HALL
      → ⭐_AKTIF_EN_IYILER
   📍 ŞU AN: 🏛️_NEWTON_HALL, ⭐_AKTIF_EN_IYILER
   ────────────────────────────────────────────────────────────────────────────────
#11. LoRA_61a713bf (ID: 61a713bf...)
   ➕ EKLENDİ:
      → 🏛️_NEWTON_HALL
      → ⭐_AKTIF_EN_IYILER
   📍 ŞU AN: 🏛️_NEWTON_HALL, ⭐_AKTIF_EN_IYILER
   ────────────────────────────────────────────────────────────────────────────────
#12. LoRA_260f9e30 (ID: 260f9e30...)
   ➕ EKLENDİ:
      → 🏛️_NEWTON_HALL
      → ⭐_AKTIF_EN_IYILER
   📍 ŞU AN: 🏛️_NEWTON_HALL, ⭐_AKTIF_EN_IYILER
   ────────────────────────────────────────────────────────────────────────────────
#13. LoRA_a650357b (ID: a650357b...)
   ➕ EKLENDİ:
      → 🏛️_NEWTON_HALL
      → ⭐_AKTIF_EN_IYILER
   📍 ŞU AN: 🏛️_NEWTON_HALL, ⭐_AKTIF_EN_IYILER
   ────────────────────────────────────────────────────────────────────────────────
#14. LoRA_78eecd8b (ID: 78eecd8b...)
   ➕ EKLENDİ:
      → 🏛️_NEWTON_HALL
      → ⭐_AKTIF_EN_IYILER
   📍 ŞU AN: 🏛️_NEWTON_HALL, ⭐_AKTIF_EN_IYILER
   ────────────────────────────────────────────────────────────────────────────────
#15. LoRA_Gen41_2f8028d3 (ID: 2f8028d3...)
   ➕ EKLENDİ:
      → 🏛️_NEWTON_HALL
      → ⭐_AKTIF_EN_IYILER
   📍 ŞU AN: 🏛️_NEWTON_HALL, ⭐_AKTIF_EN_IYILER
   ────────────────────────────────────────────────────────────────────────────────
#16. LoRA_Gen41_a6c096c9 (ID: a6c096c9...)
   ➕ EKLENDİ:
      → 🏛️_NEWTON_HALL
      → ⭐_AKTIF_EN_IYILER
   📍 ŞU AN: 🏛️_NEWTON_HALL, ⭐_AKTIF_EN_IYILER
   ────────────────────────────────────────────────────────────────────────────────
#17. LoRA_23491353 (ID: 23491353...)
   ➕ EKLENDİ:
      → 🏛️_NEWTON_HALL
      → ⭐_AKTIF_EN_IYILER
   📍 ŞU AN: 🏛️_NEWTON_HALL, ⭐_AKTIF_EN_IYILER
   ────────────────────────────────────────────────────────────────────────────────

━━━━━━━━━━━━━━━━━━━━━━━━━━━━━━━━━━━━━━━━━━━━━━━━━━━━━━━━━━━━━━━━━━━━━━━━━━━━━━━━━━━━━━━━━━━━━━━━━━━━━━━━━━━━━━━━━━━━━━━━

━━━━━━━━━━━━━━━━━━━━━━━━━━━━━━━━━━━━━━━━━━━━━━━━━━━━━━━━━━━━━━━━━━━━━━━━━━━━━━━━━━━━━━━━━━━━━━━━━━━━━━━━━━━━━━━━━━━━━━━━
🔄 MAÇ #20 - YER DEĞİŞTİRMELER
━━━━━━━━━━━━━━━━━━━━━━━━━━━━━━━━━━━━━━━━━━━━━━━━━━━━━━━━━━━━━━━━━━━━━━━━━━━━━━━━━━━━━━━━━━━━━━━━━━━━━━━━━━━━━━━━━━━━━━━━
⏰ 2025-12-07 00:39:05
📊 Toplam Hareket: 4

#1. LoRA_Gen42_c291f467 (ID: c291f467...)
   ➕ EKLENDİ:
      → 🌟_EINSTEIN_HALL
   📍 ŞU AN: 🏛️_NEWTON_HALL, 🌟_EINSTEIN_HALL, ⭐_AKTIF_EN_IYILER
   ────────────────────────────────────────────────────────────────────────────────
#2. LoRA_4c0a2338 (ID: 4c0a2338...)
   ➕ EKLENDİ:
      → 🌟_EINSTEIN_HALL
   📍 ŞU AN: 🏛️_NEWTON_HALL, 🌟_EINSTEIN_HALL, ⭐_AKTIF_EN_IYILER
   ────────────────────────────────────────────────────────────────────────────────
#3. LoRA_61a713bf (ID: 61a713bf...)
   ➕ EKLENDİ:
      → 🌟_EINSTEIN_HALL
   📍 ŞU AN: 🏛️_NEWTON_HALL, 🌟_EINSTEIN_HALL, ⭐_AKTIF_EN_IYILER
   ────────────────────────────────────────────────────────────────────────────────
#4. LoRA_Alien_9fed314e (ID: 9fed314e...)
   ➕ EKLENDİ:
      → 🏛️_NEWTON_HALL
      → 🌟_EINSTEIN_HALL
      → ⭐_AKTIF_EN_IYILER
   📍 ŞU AN: 🏛️_NEWTON_HALL, 🌟_EINSTEIN_HALL, ⭐_AKTIF_EN_IYILER
   ────────────────────────────────────────────────────────────────────────────────

━━━━━━━━━━━━━━━━━━━━━━━━━━━━━━━━━━━━━━━━━━━━━━━━━━━━━━━━━━━━━━━━━━━━━━━━━━━━━━━━━━━━━━━━━━━━━━━━━━━━━━━━━━━━━━━━━━━━━━━━

━━━━━━━━━━━━━━━━━━━━━━━━━━━━━━━━━━━━━━━━━━━━━━━━━━━━━━━━━━━━━━━━━━━━━━━━━━━━━━━━━━━━━━━━━━━━━━━━━━━━━━━━━━━━━━━━━━━━━━━━
🔄 MAÇ #30 - YER DEĞİŞTİRMELER
━━━━━━━━━━━━━━━━━━━━━━━━━━━━━━━━━━━━━━━━━━━━━━━━━━━━━━━━━━━━━━━━━━━━━━━━━━━━━━━━━━━━━━━━━━━━━━━━━━━━━━━━━━━━━━━━━━━━━━━━
⏰ 2025-12-07 00:39:22
📊 Toplam Hareket: 7

#1. LoRA_Gen42_c291f467 (ID: c291f467...)
   ➖ ÇIKARILDI:
      ← 🌟_EINSTEIN_HALL
   📍 ŞU AN: 🏛️_NEWTON_HALL, ⭐_AKTIF_EN_IYILER
   ────────────────────────────────────────────────────────────────────────────────
#2. LoRA_4c0a2338 (ID: 4c0a2338...)
   ➖ ÇIKARILDI:
      ← 🌟_EINSTEIN_HALL
   📍 ŞU AN: 🏛️_NEWTON_HALL, ⭐_AKTIF_EN_IYILER
   ────────────────────────────────────────────────────────────────────────────────
#3. LoRA_dbec816f (ID: dbec816f...)
   ➕ EKLENDİ:
      → 🌟_EINSTEIN_HALL
   📍 ŞU AN: 🏛️_NEWTON_HALL, 🌟_EINSTEIN_HALL, ⭐_AKTIF_EN_IYILER
   ────────────────────────────────────────────────────────────────────────────────
#4. LoRA_61a713bf (ID: 61a713bf...)
   ➖ ÇIKARILDI:
      ← 🌟_EINSTEIN_HALL
   📍 ŞU AN: 🏛️_NEWTON_HALL, ⭐_AKTIF_EN_IYILER
   ────────────────────────────────────────────────────────────────────────────────
#5. LoRA_Alien_9fed314e (ID: 9fed314e...)
   ➖ ÇIKARILDI:
      ← 🏛️_NEWTON_HALL
   📍 ŞU AN: 🌟_EINSTEIN_HALL, ⭐_AKTIF_EN_IYILER
   ────────────────────────────────────────────────────────────────────────────────
#6. LoRA_2523e11c (ID: 2523e11c...)
   ➕ EKLENDİ:
      → 🏛️_NEWTON_HALL
      → ⭐_AKTIF_EN_IYILER
   📍 ŞU AN: 🏛️_NEWTON_HALL, ⭐_AKTIF_EN_IYILER
   ────────────────────────────────────────────────────────────────────────────────
#7. LoRA_Alien_38eba1a8 (ID: 38eba1a8...)
   ➕ EKLENDİ:
      → 🏛️_NEWTON_HALL
      → ⭐_AKTIF_EN_IYILER
   📍 ŞU AN: 🏛️_NEWTON_HALL, ⭐_AKTIF_EN_IYILER
   ────────────────────────────────────────────────────────────────────────────────

━━━━━━━━━━━━━━━━━━━━━━━━━━━━━━━━━━━━━━━━━━━━━━━━━━━━━━━━━━━━━━━━━━━━━━━━━━━━━━━━━━━━━━━━━━━━━━━━━━━━━━━━━━━━━━━━━━━━━━━━

━━━━━━━━━━━━━━━━━━━━━━━━━━━━━━━━━━━━━━━━━━━━━━━━━━━━━━━━━━━━━━━━━━━━━━━━━━━━━━━━━━━━━━━━━━━━━━━━━━━━━━━━━━━━━━━━━━━━━━━━
🔄 MAÇ #40 - YER DEĞİŞTİRMELER
━━━━━━━━━━━━━━━━━━━━━━━━━━━━━━━━━━━━━━━━━━━━━━━━━━━━━━━━━━━━━━━━━━━━━━━━━━━━━━━━━━━━━━━━━━━━━━━━━━━━━━━━━━━━━━━━━━━━━━━━
⏰ 2025-12-07 00:39:39
📊 Toplam Hareket: 14

#1. LoRA_Gen26_4e4d7379 (ID: 4e4d7379...)
   ➕ EKLENDİ:
      → 🌟_EINSTEIN_HALL
   📍 ŞU AN: 🏛️_NEWTON_HALL, 🌟_EINSTEIN_HALL, ⭐_AKTIF_EN_IYILER
   ────────────────────────────────────────────────────────────────────────────────
#2. LoRA_Gen40_14439846 (ID: 14439846...)
   ➕ EKLENDİ:
      → 🌟_EINSTEIN_HALL
   📍 ŞU AN: 🏛️_NEWTON_HALL, 🌟_EINSTEIN_HALL, ⭐_AKTIF_EN_IYILER
   ────────────────────────────────────────────────────────────────────────────────
#3. LoRA_4c0a2338 (ID: 4c0a2338...)
   ➕ EKLENDİ:
      → 🌟_EINSTEIN_HALL
   📍 ŞU AN: 🏛️_NEWTON_HALL, 🌟_EINSTEIN_HALL, ⭐_AKTIF_EN_IYILER
   ────────────────────────────────────────────────────────────────────────────────
#4. LoRA_a3c7eb24 (ID: a3c7eb24...)
   ➕ EKLENDİ:
      → 🌟_EINSTEIN_HALL
   📍 ŞU AN: 🏛️_NEWTON_HALL, 🌟_EINSTEIN_HALL, ⭐_AKTIF_EN_IYILER
   ────────────────────────────────────────────────────────────────────────────────
#5. LoRA_ca6d1693 (ID: ca6d1693...)
   ➕ EKLENDİ:
      → 🌟_EINSTEIN_HALL
   📍 ŞU AN: 🏛️_NEWTON_HALL, 🌟_EINSTEIN_HALL, ⭐_AKTIF_EN_IYILER
   ────────────────────────────────────────────────────────────────────────────────
#6. LoRA_dbec816f (ID: dbec816f...)
   ➖ ÇIKARILDI:
      ← 🌟_EINSTEIN_HALL
   📍 ŞU AN: 🏛️_NEWTON_HALL, ⭐_AKTIF_EN_IYILER
   ────────────────────────────────────────────────────────────────────────────────
#7. LoRA_e10573b7 (ID: e10573b7...)
   ➕ EKLENDİ:
      → 🌟_EINSTEIN_HALL
   📍 ŞU AN: 🏛️_NEWTON_HALL, 🌟_EINSTEIN_HALL, ⭐_AKTIF_EN_IYILER
   ────────────────────────────────────────────────────────────────────────────────
#8. LoRA_61a713bf (ID: 61a713bf...)
   ➕ EKLENDİ:
      → 🌟_EINSTEIN_HALL
   📍 ŞU AN: 🏛️_NEWTON_HALL, 🌟_EINSTEIN_HALL, ⭐_AKTIF_EN_IYILER
   ────────────────────────────────────────────────────────────────────────────────
#9. LoRA_260f9e30 (ID: 260f9e30...)
   ➕ EKLENDİ:
      → 🌟_EINSTEIN_HALL
   📍 ŞU AN: 🏛️_NEWTON_HALL, 🌟_EINSTEIN_HALL, ⭐_AKTIF_EN_IYILER
   ────────────────────────────────────────────────────────────────────────────────
#10. LoRA_a650357b (ID: a650357b...)
   ➕ EKLENDİ:
      → 🌟_EINSTEIN_HALL
   📍 ŞU AN: 🏛️_NEWTON_HALL, 🌟_EINSTEIN_HALL, ⭐_AKTIF_EN_IYILER
   ────────────────────────────────────────────────────────────────────────────────
#11. LoRA_78eecd8b (ID: 78eecd8b...)
   ➕ EKLENDİ:
      → 🌟_EINSTEIN_HALL
   📍 ŞU AN: 🏛️_NEWTON_HALL, 🌟_EINSTEIN_HALL, ⭐_AKTIF_EN_IYILER
   ────────────────────────────────────────────────────────────────────────────────
#12. LoRA_Gen41_2f8028d3 (ID: 2f8028d3...)
   ➕ EKLENDİ:
      → 🌟_EINSTEIN_HALL
   📍 ŞU AN: 🏛️_NEWTON_HALL, 🌟_EINSTEIN_HALL, ⭐_AKTIF_EN_IYILER
   ────────────────────────────────────────────────────────────────────────────────
#13. LoRA_Gen41_a6c096c9 (ID: a6c096c9...)
   ➕ EKLENDİ:
      → 🌟_EINSTEIN_HALL
   📍 ŞU AN: 🏛️_NEWTON_HALL, 🌟_EINSTEIN_HALL, ⭐_AKTIF_EN_IYILER
   ────────────────────────────────────────────────────────────────────────────────
#14. LoRA_Alien_9fed314e (ID: 9fed314e...)
   ➕ EKLENDİ:
      → 🏛️_NEWTON_HALL
   ➖ ÇIKARILDI:
      ← 🌟_EINSTEIN_HALL
   📍 ŞU AN: 🏛️_NEWTON_HALL, ⭐_AKTIF_EN_IYILER
   ────────────────────────────────────────────────────────────────────────────────

━━━━━━━━━━━━━━━━━━━━━━━━━━━━━━━━━━━━━━━━━━━━━━━━━━━━━━━━━━━━━━━━━━━━━━━━━━━━━━━━━━━━━━━━━━━━━━━━━━━━━━━━━━━━━━━━━━━━━━━━

━━━━━━━━━━━━━━━━━━━━━━━━━━━━━━━━━━━━━━━━━━━━━━━━━━━━━━━━━━━━━━━━━━━━━━━━━━━━━━━━━━━━━━━━━━━━━━━━━━━━━━━━━━━━━━━━━━━━━━━━
🔄 MAÇ #50 - YER DEĞİŞTİRMELER
━━━━━━━━━━━━━━━━━━━━━━━━━━━━━━━━━━━━━━━━━━━━━━━━━━━━━━━━━━━━━━━━━━━━━━━━━━━━━━━━━━━━━━━━━━━━━━━━━━━━━━━━━━━━━━━━━━━━━━━━
⏰ 2025-12-07 00:40:01
📊 Toplam Hareket: 4

#1. LoRA_Gen36_0734ed38 (ID: 0734ed38...)
   ➕ EKLENDİ:
      → 🌟_EINSTEIN_HALL
   📍 ŞU AN: 🏛️_NEWTON_HALL, 🌟_EINSTEIN_HALL, ⭐_AKTIF_EN_IYILER
   ────────────────────────────────────────────────────────────────────────────────
#2. LoRA_ca6d1693 (ID: ca6d1693...)
   ➖ ÇIKARILDI:
      ← 🌟_EINSTEIN_HALL
   📍 ŞU AN: 🏛️_NEWTON_HALL, ⭐_AKTIF_EN_IYILER
   ────────────────────────────────────────────────────────────────────────────────
#3. LoRA_a650357b (ID: a650357b...)
   ➖ ÇIKARILDI:
      ← 🌟_EINSTEIN_HALL
   📍 ŞU AN: 🏛️_NEWTON_HALL, ⭐_AKTIF_EN_IYILER
   ────────────────────────────────────────────────────────────────────────────────
#4. LoRA_78eecd8b (ID: 78eecd8b...)
   ➖ ÇIKARILDI:
      ← 🌟_EINSTEIN_HALL
   📍 ŞU AN: 🏛️_NEWTON_HALL, ⭐_AKTIF_EN_IYILER
   ────────────────────────────────────────────────────────────────────────────────

━━━━━━━━━━━━━━━━━━━━━━━━━━━━━━━━━━━━━━━━━━━━━━━━━━━━━━━━━━━━━━━━━━━━━━━━━━━━━━━━━━━━━━━━━━━━━━━━━━━━━━━━━━━━━━━━━━━━━━━━
