========================================================================================================================
🔬 HALL & UZMANLIK AUDIT RAPORU
========================================================================================================================
Başlangıç: 2025-12-07 00:38:27
========================================================================================================================

AMAÇ:
  • Kategorisiz LoRA'ları bul
  • Yanlış kategorileri tespit et
  • Superhybrid ve özel durumları yakala
  • Eksik dosyaları raporla
========================================================================================================================


━━━━━━━━━━━━━━━━━━━━━━━━━━━━━━━━━━━━━━━━━━━━━━━━━━━━━━━━━━━━━━━━━━━━━━━━━━━━━━━━━━━━━━━━━━━━━━━━━━━━━━━━━━━━━━━━━━━━━━━━
🔬 MAÇ #50 - AUDIT RAPORU
━━━━━━━━━━━━━━━━━━━━━━━━━━━━━━━━━━━━━━━━━━━━━━━━━━━━━━━━━━━━━━━━━━━━━━━━━━━━━━━━━━━━━━━━━━━━━━━━━━━━━━━━━━━━━━━━━━━━━━━━
⏰ 2025-12-07T00:40:03.822395
👥 Toplam LoRA: 4
━━━━━━━━━━━━━━━━━━━━━━━━━━━━━━━━━━━━━━━━━━━━━━━━━━━━━━━━━━━━━━━━━━━━━━━━━━━━━━━━━━━━━━━━━━━━━━━━━━━━━━━━━━━━━━━━━━━━━━━━

❌ KATEGORİSİZ LoRA'LAR: 0
------------------------------------------------------------------------------------------------------------------------

⭐ SUPERHYBRID LoRA'LAR: 0
------------------------------------------------------------------------------------------------------------------------

⚠️ YANLIŞ KATEGORİLENDİRMELER: 0
------------------------------------------------------------------------------------------------------------------------

📁 EKSİK DOSYALAR: 0
------------------------------------------------------------------------------------------------------------------------

🔬 TES HALL DURUMU:
------------------------------------------------------------------------------------------------------------------------
   Einstein            : 74 PT dosyası
   Newton              : 66 PT dosyası
   Darwin              : 97 PT dosyası
   Hybrid              : 96 PT dosyası
   PerfectHybrid       : 0 PT dosyası

━━━━━━━━━━━━━━━━━━━━━━━━━━━━━━━━━━━━━━━━━━━━━━━━━━━━━━━━━━━━━━━━━━━━━━━━━━━━━━━━━━━━━━━━━━━━━━━━━━━━━━━━━━━━━━━━━━━━━━━━
