2025-11-30 02:00:10,566 - INFO - Sayfa cekiliyor (deneme 1/3): https://www.oddsportal.com/football/england/premier-league-2020-2021/results/
2025-11-30 02:00:14,028 - WARNING - Tablo bulunamadi
2025-11-30 02:00:14,029 - INFO - Premier League 2020-2021: 0 mac bulundu
2025-11-30 02:00:17,033 - INFO - Sayfa cekiliyor (deneme 1/3): https://www.oddsportal.com/football/england/premier-league-2021-2022/results/
2025-11-30 02:00:20,433 - WARNING - Tablo bulunamadi
2025-11-30 02:00:20,434 - INFO - Premier League 2021-2022: 0 mac bulundu
2025-11-30 02:00:23,435 - INFO - Sayfa cekiliyor (deneme 1/3): https://www.oddsportal.com/football/england/premier-league-2022-2023/results/
2025-11-30 02:00:26,657 - WARNING - Tablo bulunamadi
2025-11-30 02:00:26,658 - INFO - Premier League 2022-2023: 0 mac bulundu
2025-11-30 02:00:29,662 - INFO - Sayfa cekiliyor (deneme 1/3): https://www.oddsportal.com/football/england/premier-league-2023-2024/results/
2025-11-30 02:00:33,018 - WARNING - Tablo bulunamadi
2025-11-30 02:00:33,018 - INFO - Premier League 2023-2024: 0 mac bulundu
2025-11-30 02:00:36,020 - INFO - Sayfa cekiliyor (deneme 1/3): https://www.oddsportal.com/football/england/premier-league-2024-2025/results/
2025-11-30 02:00:39,400 - WARNING - Tablo bulunamadi
2025-11-30 02:00:39,401 - INFO - Premier League 2024-2025: 0 mac bulundu
2025-11-30 02:00:42,402 - INFO - Sayfa cekiliyor (deneme 1/3): https://www.oddsportal.com/football/spain/laliga-2020-2021/results/
2025-11-30 02:00:45,938 - WARNING - Tablo bulunamadi
2025-11-30 02:00:45,938 - INFO - La Liga 2020-2021: 0 mac bulundu
2025-11-30 02:00:48,939 - INFO - Sayfa cekiliyor (deneme 1/3): https://www.oddsportal.com/football/spain/laliga-2021-2022/results/
2025-11-30 02:00:52,297 - WARNING - Tablo bulunamadi
2025-11-30 02:00:52,297 - INFO - La Liga 2021-2022: 0 mac bulundu
2025-11-30 02:00:55,300 - INFO - Sayfa cekiliyor (deneme 1/3): https://www.oddsportal.com/football/spain/laliga-2022-2023/results/
2025-11-30 02:00:58,586 - WARNING - Tablo bulunamadi
2025-11-30 02:00:58,587 - INFO - La Liga 2022-2023: 0 mac bulundu
2025-11-30 02:01:01,591 - INFO - Sayfa cekiliyor (deneme 1/3): https://www.oddsportal.com/football/spain/laliga-2023-2024/results/
2025-11-30 02:01:05,083 - WARNING - Tablo bulunamadi
2025-11-30 02:01:05,083 - INFO - La Liga 2023-2024: 0 mac bulundu
2025-11-30 02:01:08,087 - INFO - Sayfa cekiliyor (deneme 1/3): https://www.oddsportal.com/football/spain/laliga-2024-2025/results/
2025-11-30 02:01:11,352 - WARNING - Tablo bulunamadi
2025-11-30 02:01:11,352 - INFO - La Liga 2024-2025: 0 mac bulundu
2025-11-30 02:01:14,354 - INFO - Sayfa cekiliyor (deneme 1/3): https://www.oddsportal.com/football/italy/serie-a-2020-2021/results/
2025-11-30 02:01:17,657 - WARNING - Tablo bulunamadi
2025-11-30 02:01:17,657 - INFO - Serie A 2020-2021: 0 mac bulundu
2025-11-30 02:01:20,659 - INFO - Sayfa cekiliyor (deneme 1/3): https://www.oddsportal.com/football/italy/serie-a-2021-2022/results/
2025-11-30 02:01:23,795 - WARNING - Tablo bulunamadi
2025-11-30 02:01:23,795 - INFO - Serie A 2021-2022: 0 mac bulundu
2025-11-30 02:01:26,797 - INFO - Sayfa cekiliyor (deneme 1/3): https://www.oddsportal.com/football/italy/serie-a-2022-2023/results/
2025-11-30 02:01:30,063 - WARNING - Tablo bulunamadi
2025-11-30 02:01:30,063 - INFO - Serie A 2022-2023: 0 mac bulundu
2025-11-30 02:01:33,067 - INFO - Sayfa cekiliyor (deneme 1/3): https://www.oddsportal.com/football/italy/serie-a-2023-2024/results/
2025-11-30 02:01:36,302 - WARNING - Tablo bulunamadi
2025-11-30 02:01:36,303 - INFO - Serie A 2023-2024: 0 mac bulundu
2025-11-30 02:01:39,307 - INFO - Sayfa cekiliyor (deneme 1/3): https://www.oddsportal.com/football/italy/serie-a-2024-2025/results/
2025-11-30 02:01:42,651 - WARNING - Tablo bulunamadi
2025-11-30 02:01:42,651 - INFO - Serie A 2024-2025: 0 mac bulundu
2025-11-30 02:01:45,657 - INFO - Sayfa cekiliyor (deneme 1/3): https://www.oddsportal.com/football/germany/bundesliga-2020-2021/results/
2025-11-30 02:01:48,979 - WARNING - Tablo bulunamadi
2025-11-30 02:01:48,979 - INFO - Bundesliga 2020-2021: 0 mac bulundu
2025-11-30 02:01:51,985 - INFO - Sayfa cekiliyor (deneme 1/3): https://www.oddsportal.com/football/germany/bundesliga-2021-2022/results/
2025-11-30 02:01:55,392 - WARNING - Tablo bulunamadi
2025-11-30 02:01:55,392 - INFO - Bundesliga 2021-2022: 0 mac bulundu
2025-11-30 02:01:58,396 - INFO - Sayfa cekiliyor (deneme 1/3): https://www.oddsportal.com/football/germany/bundesliga-2022-2023/results/
2025-11-30 02:02:01,742 - WARNING - Tablo bulunamadi
2025-11-30 02:02:01,743 - INFO - Bundesliga 2022-2023: 0 mac bulundu
2025-11-30 02:02:04,747 - INFO - Sayfa cekiliyor (deneme 1/3): https://www.oddsportal.com/football/germany/bundesliga-2023-2024/results/
2025-11-30 02:02:08,148 - WARNING - Tablo bulunamadi
2025-11-30 02:02:08,148 - INFO - Bundesliga 2023-2024: 0 mac bulundu
2025-11-30 02:02:11,153 - INFO - Sayfa cekiliyor (deneme 1/3): https://www.oddsportal.com/football/germany/bundesliga-2024-2025/results/
2025-11-30 02:02:14,400 - WARNING - Tablo bulunamadi
2025-11-30 02:02:14,401 - INFO - Bundesliga 2024-2025: 0 mac bulundu
2025-11-30 02:02:17,405 - INFO - Sayfa cekiliyor (deneme 1/3): https://www.oddsportal.com/football/france/ligue-1-2020-2021/results/
2025-11-30 02:02:20,836 - WARNING - Tablo bulunamadi
2025-11-30 02:02:20,836 - INFO - Ligue 1 2020-2021: 0 mac bulundu
2025-11-30 02:02:23,841 - INFO - Sayfa cekiliyor (deneme 1/3): https://www.oddsportal.com/football/france/ligue-1-2021-2022/results/
2025-11-30 02:02:27,081 - WARNING - Tablo bulunamadi
2025-11-30 02:02:27,081 - INFO - Ligue 1 2021-2022: 0 mac bulundu
2025-11-30 02:02:30,087 - INFO - Sayfa cekiliyor (deneme 1/3): https://www.oddsportal.com/football/france/ligue-1-2022-2023/results/
2025-11-30 02:02:33,630 - WARNING - Tablo bulunamadi
2025-11-30 02:02:33,630 - INFO - Ligue 1 2022-2023: 0 mac bulundu
2025-11-30 02:02:36,634 - INFO - Sayfa cekiliyor (deneme 1/3): https://www.oddsportal.com/football/france/ligue-1-2023-2024/results/
2025-11-30 02:02:39,852 - WARNING - Tablo bulunamadi
2025-11-30 02:02:39,852 - INFO - Ligue 1 2023-2024: 0 mac bulundu
2025-11-30 02:02:42,857 - INFO - Sayfa cekiliyor (deneme 1/3): https://www.oddsportal.com/football/france/ligue-1-2024-2025/results/
2025-11-30 02:02:46,055 - WARNING - Tablo bulunamadi
2025-11-30 02:02:46,055 - INFO - Ligue 1 2024-2025: 0 mac bulundu
2025-11-30 02:02:49,059 - INFO - Sayfa cekiliyor (deneme 1/3): https://www.oddsportal.com/football/portugal/primeira-liga-2020-2021/results/
2025-11-30 02:02:52,482 - WARNING - Tablo bulunamadi
2025-11-30 02:02:52,483 - INFO - Liga Portugal 2020-2021: 0 mac bulundu
2025-11-30 02:02:55,487 - INFO - Sayfa cekiliyor (deneme 1/3): https://www.oddsportal.com/football/portugal/primeira-liga-2021-2022/results/
2025-11-30 02:02:58,708 - WARNING - Tablo bulunamadi
2025-11-30 02:02:58,708 - INFO - Liga Portugal 2021-2022: 0 mac bulundu
2025-11-30 02:03:01,713 - INFO - Sayfa cekiliyor (deneme 1/3): https://www.oddsportal.com/football/portugal/primeira-liga-2022-2023/results/
2025-11-30 02:03:05,037 - WARNING - Tablo bulunamadi
2025-11-30 02:03:05,037 - INFO - Liga Portugal 2022-2023: 0 mac bulundu
2025-11-30 02:03:08,041 - INFO - Sayfa cekiliyor (deneme 1/3): https://www.oddsportal.com/football/portugal/primeira-liga-2023-2024/results/
2025-11-30 02:03:11,167 - WARNING - Tablo bulunamadi
2025-11-30 02:03:11,167 - INFO - Liga Portugal 2023-2024: 0 mac bulundu
2025-11-30 02:03:14,171 - INFO - Sayfa cekiliyor (deneme 1/3): https://www.oddsportal.com/football/portugal/primeira-liga-2024-2025/results/
2025-11-30 02:03:17,426 - WARNING - Tablo bulunamadi
2025-11-30 02:03:17,426 - INFO - Liga Portugal 2024-2025: 0 mac bulundu
2025-11-30 02:03:20,430 - INFO - Sayfa cekiliyor (deneme 1/3): https://www.oddsportal.com/football/turkey/super-lig-2020-2021/results/
2025-11-30 02:03:24,006 - WARNING - Tablo bulunamadi
2025-11-30 02:03:24,006 - INFO - Süper Lig 2020-2021: 0 mac bulundu
2025-11-30 02:03:27,011 - INFO - Sayfa cekiliyor (deneme 1/3): https://www.oddsportal.com/football/turkey/super-lig-2021-2022/results/
2025-11-30 02:03:30,523 - WARNING - Tablo bulunamadi
2025-11-30 02:03:30,523 - INFO - Süper Lig 2021-2022: 0 mac bulundu
2025-11-30 02:03:33,528 - INFO - Sayfa cekiliyor (deneme 1/3): https://www.oddsportal.com/football/turkey/super-lig-2022-2023/results/
2025-11-30 02:03:36,917 - WARNING - Tablo bulunamadi
2025-11-30 02:03:36,917 - INFO - Süper Lig 2022-2023: 0 mac bulundu
2025-11-30 02:03:39,921 - INFO - Sayfa cekiliyor (deneme 1/3): https://www.oddsportal.com/football/turkey/super-lig-2023-2024/results/
2025-11-30 02:03:43,287 - WARNING - Tablo bulunamadi
2025-11-30 02:03:43,287 - INFO - Süper Lig 2023-2024: 0 mac bulundu
2025-11-30 02:03:46,292 - INFO - Sayfa cekiliyor (deneme 1/3): https://www.oddsportal.com/football/turkey/super-lig-2024-2025/results/
2025-11-30 02:03:49,860 - WARNING - Tablo bulunamadi
2025-11-30 02:03:49,860 - INFO - Süper Lig 2024-2025: 0 mac bulundu
2025-11-30 02:03:52,865 - INFO - Sayfa cekiliyor (deneme 1/3): https://www.oddsportal.com/football/england/championship-2020-2021/results/
2025-11-30 02:03:56,303 - WARNING - Tablo bulunamadi
2025-11-30 02:03:56,304 - INFO - Championship 2020-2021: 0 mac bulundu
2025-11-30 02:03:59,308 - INFO - Sayfa cekiliyor (deneme 1/3): https://www.oddsportal.com/football/england/championship-2021-2022/results/
2025-11-30 02:04:02,584 - WARNING - Tablo bulunamadi
2025-11-30 02:04:02,584 - INFO - Championship 2021-2022: 0 mac bulundu
2025-11-30 02:04:05,587 - INFO - Sayfa cekiliyor (deneme 1/3): https://www.oddsportal.com/football/england/championship-2022-2023/results/
2025-11-30 02:04:08,844 - WARNING - Tablo bulunamadi
2025-11-30 02:04:08,845 - INFO - Championship 2022-2023: 0 mac bulundu
2025-11-30 02:04:11,850 - INFO - Sayfa cekiliyor (deneme 1/3): https://www.oddsportal.com/football/england/championship-2023-2024/results/
2025-11-30 02:04:15,253 - WARNING - Tablo bulunamadi
2025-11-30 02:04:15,253 - INFO - Championship 2023-2024: 0 mac bulundu
2025-11-30 02:04:18,258 - INFO - Sayfa cekiliyor (deneme 1/3): https://www.oddsportal.com/football/england/championship-2024-2025/results/
2025-11-30 02:04:21,591 - WARNING - Tablo bulunamadi
2025-11-30 02:04:21,591 - INFO - Championship 2024-2025: 0 mac bulundu
2025-11-30 02:04:24,595 - INFO - Sayfa cekiliyor (deneme 1/3): https://www.oddsportal.com/football/england/league-one-2020-2021/results/
2025-11-30 02:04:28,065 - WARNING - Tablo bulunamadi
2025-11-30 02:04:28,066 - INFO - League One 2020-2021: 0 mac bulundu
2025-11-30 02:04:31,071 - INFO - Sayfa cekiliyor (deneme 1/3): https://www.oddsportal.com/football/england/league-one-2021-2022/results/
2025-11-30 02:04:36,272 - WARNING - Tablo bulunamadi
2025-11-30 02:04:36,273 - INFO - League One 2021-2022: 0 mac bulundu
2025-11-30 02:04:39,275 - INFO - Sayfa cekiliyor (deneme 1/3): https://www.oddsportal.com/football/england/league-one-2022-2023/results/
2025-11-30 02:04:42,604 - WARNING - Tablo bulunamadi
2025-11-30 02:04:42,604 - INFO - League One 2022-2023: 0 mac bulundu
2025-11-30 02:04:45,609 - INFO - Sayfa cekiliyor (deneme 1/3): https://www.oddsportal.com/football/england/league-one-2023-2024/results/
2025-11-30 02:04:48,993 - WARNING - Tablo bulunamadi
2025-11-30 02:04:48,994 - INFO - League One 2023-2024: 0 mac bulundu
2025-11-30 02:04:52,002 - INFO - Sayfa cekiliyor (deneme 1/3): https://www.oddsportal.com/football/england/league-one-2024-2025/results/
2025-11-30 02:04:55,452 - WARNING - Tablo bulunamadi
2025-11-30 02:04:55,454 - INFO - League One 2024-2025: 0 mac bulundu
2025-11-30 02:04:58,460 - INFO - Sayfa cekiliyor (deneme 1/3): https://www.oddsportal.com/football/england/league-two-2020-2021/results/
2025-11-30 02:05:02,025 - WARNING - Tablo bulunamadi
2025-11-30 02:05:02,026 - INFO - League Two 2020-2021: 0 mac bulundu
2025-11-30 02:05:05,031 - INFO - Sayfa cekiliyor (deneme 1/3): https://www.oddsportal.com/football/england/league-two-2021-2022/results/
2025-11-30 02:05:08,739 - WARNING - Tablo bulunamadi
2025-11-30 02:05:08,739 - INFO - League Two 2021-2022: 0 mac bulundu
2025-11-30 02:05:11,743 - INFO - Sayfa cekiliyor (deneme 1/3): https://www.oddsportal.com/football/england/league-two-2022-2023/results/
2025-11-30 02:05:14,988 - WARNING - Tablo bulunamadi
2025-11-30 02:05:14,989 - INFO - League Two 2022-2023: 0 mac bulundu
2025-11-30 02:05:17,993 - INFO - Sayfa cekiliyor (deneme 1/3): https://www.oddsportal.com/football/england/league-two-2023-2024/results/
2025-11-30 02:05:21,600 - WARNING - Tablo bulunamadi
2025-11-30 02:05:21,600 - INFO - League Two 2023-2024: 0 mac bulundu
2025-11-30 02:05:24,604 - INFO - Sayfa cekiliyor (deneme 1/3): https://www.oddsportal.com/football/england/league-two-2024-2025/results/
2025-11-30 02:05:28,065 - WARNING - Tablo bulunamadi
2025-11-30 02:05:28,066 - INFO - League Two 2024-2025: 0 mac bulundu
2025-11-30 02:05:31,071 - INFO - Sayfa cekiliyor (deneme 1/3): https://www.oddsportal.com/football/spain/laliga-2020-2021/results/
2025-11-30 02:05:33,825 - WARNING - Tablo bulunamadi
2025-11-30 02:05:33,826 - INFO - La Liga 2 2020-2021: 0 mac bulundu
2025-11-30 02:05:36,829 - INFO - Sayfa cekiliyor (deneme 1/3): https://www.oddsportal.com/football/spain/laliga-2021-2022/results/
2025-11-30 02:05:39,513 - WARNING - Tablo bulunamadi
2025-11-30 02:05:39,513 - INFO - La Liga 2 2021-2022: 0 mac bulundu
2025-11-30 02:05:42,515 - INFO - Sayfa cekiliyor (deneme 1/3): https://www.oddsportal.com/football/spain/laliga-2022-2023/results/
2025-11-30 02:05:45,185 - WARNING - Tablo bulunamadi
2025-11-30 02:05:45,185 - INFO - La Liga 2 2022-2023: 0 mac bulundu
2025-11-30 02:05:48,186 - INFO - Sayfa cekiliyor (deneme 1/3): https://www.oddsportal.com/football/spain/laliga-2023-2024/results/
2025-11-30 02:05:50,905 - WARNING - Tablo bulunamadi
2025-11-30 02:05:50,905 - INFO - La Liga 2 2023-2024: 0 mac bulundu
2025-11-30 02:05:53,907 - INFO - Sayfa cekiliyor (deneme 1/3): https://www.oddsportal.com/football/spain/laliga-2024-2025/results/
2025-11-30 02:05:56,748 - WARNING - Tablo bulunamadi
2025-11-30 02:05:56,748 - INFO - La Liga 2 2024-2025: 0 mac bulundu
2025-11-30 02:05:59,751 - INFO - Sayfa cekiliyor (deneme 1/3): https://www.oddsportal.com/football/italy/serie-b-2020-2021/results/
2025-11-30 02:06:02,967 - WARNING - Tablo bulunamadi
2025-11-30 02:06:02,968 - INFO - Serie B 2020-2021: 0 mac bulundu
2025-11-30 02:06:05,970 - INFO - Sayfa cekiliyor (deneme 1/3): https://www.oddsportal.com/football/italy/serie-b-2021-2022/results/
2025-11-30 02:06:09,416 - WARNING - Tablo bulunamadi
2025-11-30 02:06:09,416 - INFO - Serie B 2021-2022: 0 mac bulundu
2025-11-30 02:06:12,420 - INFO - Sayfa cekiliyor (deneme 1/3): https://www.oddsportal.com/football/italy/serie-b-2022-2023/results/
2025-11-30 02:06:15,896 - WARNING - Tablo bulunamadi
2025-11-30 02:06:15,897 - INFO - Serie B 2022-2023: 0 mac bulundu
